Temp/gradleOut/build/outputs/logs/manifest-merger-release-report.txt
-- Merging decision tree log ---
manifest
ADDED from src/main/AndroidManifest.xml:2:1-31:12
INJECTED from src/main/AndroidManifest.xml:2:1-31:12
INJECTED from src/main/AndroidManifest.xml:2:1-31:12
INJECTED from src/main/AndroidManifest.xml:2:1-31:12
MERGED from [:OVRPlugin:] AndroidManifest.xml:2:1-4:12
INJECTED from src/main/AndroidManifest.xml:2:1-31:12
INJECTED from src/main/AndroidManifest.xml:2:1-31:12
INJECTED from src/main/AndroidManifest.xml:2:1-31:12
	package
		ADDED from src/main/AndroidManifest.xml:2:70-102
		INJECTED from src/main/AndroidManifest.xml
		INJECTED from src/main/AndroidManifest.xml
	android:versionName
		INJECTED from src/main/AndroidManifest.xml
		ADDED from src/main/AndroidManifest.xml:2:1-31:12
		INJECTED from src/main/AndroidManifest.xml
	android:versionCode
		INJECTED from src/main/AndroidManifest.xml
		ADDED from src/main/AndroidManifest.xml:2:1-31:12
		INJECTED from src/main/AndroidManifest.xml
	xmlns:android
		ADDED from src/main/AndroidManifest.xml:2:11-69
	android:installLocation
		ADDED from src/main/AndroidManifest.xml:2:103-133
uses-permission#android.permission.INTERNET
ADDED from src/main/AndroidManifest.xml:3:3-65
	android:name
		ADDED from src/main/AndroidManifest.xml:3:20-62
uses-permission#android.permission.ACCESS_NETWORK_STATE
ADDED from src/main/AndroidManifest.xml:4:3-77
	android:name
		ADDED from src/main/AndroidManifest.xml:4:20-74
uses-feature#android.hardware.vr.headtracking
ADDED from src/main/AndroidManifest.xml:5:3-111
	android:version
		ADDED from src/main/AndroidManifest.xml:5:65-84
	android:required
		ADDED from src/main/AndroidManifest.xml:5:85-108
	android:name
		ADDED from src/main/AndroidManifest.xml:5:17-64
application
ADDED from src/main/AndroidManifest.xml:7:3-20:17
	android:roundIcon
		ADDED from src/main/AndroidManifest.xml:7:44-86
	android:icon
		ADDED from src/main/AndroidManifest.xml:7:87-118
	android:allowBackup
		ADDED from src/main/AndroidManifest.xml:7:16-43
	android:networkSecurityConfig
		ADDED from src/main/AndroidManifest.xml:7:119-174
activity#com.unity3d.player.UnityPlayerActivity
ADDED from src/main/AndroidManifest.xml:8:5-13:16
	android:screenOrientation
		ADDED from src/main/AndroidManifest.xml:8:168-205
	android:excludeFromRecents
		ADDED from src/main/AndroidManifest.xml:8:134-167
	android:launchMode
		ADDED from src/main/AndroidManifest.xml:8:206-237
	android:hardwareAccelerated
		ADDED from src/main/AndroidManifest.xml:8:340-375
	android:configChanges
		ADDED from src/main/AndroidManifest.xml:8:238-339
	android:theme
		ADDED from src/main/AndroidManifest.xml:8:15-79
	android:name
		ADDED from src/main/AndroidManifest.xml:8:80-133
intent-filter#action:name:android.intent.action.MAIN+category:name:android.intent.category.INFO
ADDED from src/main/AndroidManifest.xml:9:7-12:23
action#android.intent.action.MAIN
ADDED from src/main/AndroidManifest.xml:10:9-61
	android:name
		ADDED from src/main/AndroidManifest.xml:10:17-58
category#android.intent.category.INFO
ADDED from src/main/AndroidManifest.xml:11:9-65
	android:name
		ADDED from src/main/AndroidManifest.xml:11:19-62
meta-data#unityplayer.SkipPermissionsDialog
ADDED from src/main/AndroidManifest.xml:14:5-89
	android:value
		ADDED from src/main/AndroidManifest.xml:14:65-86
	android:name
		ADDED from src/main/AndroidManifest.xml:14:16-64
meta-data#unity.build-id
ADDED from src/main/AndroidManifest.xml:15:5-101
	android:value
		ADDED from src/main/AndroidManifest.xml:15:46-98
	android:name
		ADDED from src/main/AndroidManifest.xml:15:16-45
meta-data#unity.splash-mode
ADDED from src/main/AndroidManifest.xml:16:5-69
	android:value
		ADDED from src/main/AndroidManifest.xml:16:49-66
	android:name
		ADDED from src/main/AndroidManifest.xml:16:16-48
meta-data#unity.splash-enable
ADDED from src/main/AndroidManifest.xml:17:5-75
	android:value
		ADDED from src/main/AndroidManifest.xml:17:51-72
	android:name
		ADDED from src/main/AndroidManifest.xml:17:16-50
meta-data#notch.config
ADDED from src/main/AndroidManifest.xml:18:5-81
	android:value
		ADDED from src/main/AndroidManifest.xml:18:44-78
	android:name
		ADDED from src/main/AndroidManifest.xml:18:16-43
meta-data#com.samsung.android.vr.application.mode
ADDED from src/main/AndroidManifest.xml:19:5-97
	android:value
		ADDED from src/main/AndroidManifest.xml:19:71-94
	android:name
		ADDED from src/main/AndroidManifest.xml:19:16-70
uses-feature#0x00030000
ADDED from src/main/AndroidManifest.xml:21:3-52
	android:glEsVersion
		ADDED from src/main/AndroidManifest.xml:21:17-49
supports-gl-texture#GL_KHR_texture_compression_astc_ldr
ADDED from src/main/AndroidManifest.xml:22:3-77
	android:name
		ADDED from src/main/AndroidManifest.xml:22:24-74
uses-permission#android.permission.RECORD_AUDIO
ADDED from src/main/AndroidManifest.xml:23:3-69
	android:name
		ADDED from src/main/AndroidManifest.xml:23:20-66
uses-permission#android.permission.MODIFY_AUDIO_SETTINGS
ADDED from src/main/AndroidManifest.xml:24:3-78
	android:name
		ADDED from src/main/AndroidManifest.xml:24:20-75
uses-permission#android.permission.BROADCAST_STICKY
ADDED from src/main/AndroidManifest.xml:25:3-73
	android:name
		ADDED from src/main/AndroidManifest.xml:25:20-70
uses-permission#android.permission.BLUETOOTH
ADDED from src/main/AndroidManifest.xml:26:3-66
	android:name
		ADDED from src/main/AndroidManifest.xml:26:20-63
uses-feature#android.hardware.microphone
ADDED from src/main/AndroidManifest.xml:27:3-87
	android:required
		ADDED from src/main/AndroidManifest.xml:27:60-84
	android:name
		ADDED from src/main/AndroidManifest.xml:27:17-59
uses-feature#android.hardware.touchscreen
ADDED from src/main/AndroidManifest.xml:28:3-88
	android:required
		ADDED from src/main/AndroidManifest.xml:28:61-85
	android:name
		ADDED from src/main/AndroidManifest.xml:28:17-60
uses-feature#android.hardware.touchscreen.multitouch
ADDED from src/main/AndroidManifest.xml:29:3-99
	android:required
		ADDED from src/main/AndroidManifest.xml:29:72-96
	android:name
		ADDED from src/main/AndroidManifest.xml:29:17-71
uses-feature#android.hardware.touchscreen.multitouch.distinct
ADDED from src/main/AndroidManifest.xml:30:3-108
	android:required
		ADDED from src/main/AndroidManifest.xml:30:81-105
	android:name
		ADDED from src/main/AndroidManifest.xml:30:17-80
uses-sdk
INJECTED from src/main/AndroidManifest.xml reason: use-sdk injection requested
INJECTED from src/main/AndroidManifest.xml
INJECTED from src/main/AndroidManifest.xml
MERGED from [:OVRPlugin:] AndroidManifest.xml:3:3-45
MERGED from [:OVRPlugin:] AndroidManifest.xml:3:3-45
INJECTED from src/main/AndroidManifest.xml
INJECTED from src/main/AndroidManifest.xml
	android:targetSdkVersion
		INJECTED from src/main/AndroidManifest.xml
		ADDED from src/main/AndroidManifest.xml
		INJECTED from src/main/AndroidManifest.xml
	android:minSdkVersion
		INJECTED from src/main/AndroidManifest.xml
		ADDED from src/main/AndroidManifest.xml
		MERGED from src/main/AndroidManifest.xml
		INJECTED from src/main/AndroidManifest.xml